2023-04-23 21:14:29,133 INFO org.hibernate.validator.internal.util.Version [background-preinit] HV000001: Hibernate Validator 6.0.2.Final
2023-04-23 21:14:29,145 INFO org.springframework.boot.StartupInfoLogger [restartedMain] Starting HobbieBackendApplication using Java 11.0.19 on MacBook-Pro.local with PID 47538 (/Users/admin/cibt/ReactJS-Spring-Boot-Full-Stack-App/spring-backend/target/classes started by admin in /Users/admin/cibt/ReactJS-Spring-Boot-Full-Stack-App/spring-backend)
2023-04-23 21:14:29,147 INFO org.springframework.boot.SpringApplication [restartedMain] No active profile set, falling back to default profiles: default
2023-04-23 21:14:29,193 INFO org.springframework.boot.logging.DeferredLog [restartedMain] Devtools property defaults active! Set 'spring.devtools.add-properties' to 'false' to disable
2023-04-23 21:14:29,194 INFO org.springframework.boot.logging.DeferredLog [restartedMain] For additional web related logging consider setting the 'logging.level.web' property to 'DEBUG'
2023-04-23 21:14:30,216 INFO org.springframework.data.repository.config.RepositoryConfigurationDelegate [restartedMain] Bootstrapping Spring Data JPA repositories in DEFAULT mode.
2023-04-23 21:14:30,323 INFO org.springframework.data.repository.config.RepositoryConfigurationDelegate [restartedMain] Finished Spring Data repository scanning in 85 ms. Found 8 JPA repository interfaces.
2023-04-23 21:14:30,965 INFO org.springframework.boot.web.embedded.tomcat.TomcatWebServer [restartedMain] Tomcat initialized with port(s): 8080 (http)
2023-04-23 21:14:30,975 INFO org.apache.juli.logging.DirectJDKLog [restartedMain] Initializing ProtocolHandler ["http-nio-8080"]
2023-04-23 21:14:30,975 INFO org.apache.juli.logging.DirectJDKLog [restartedMain] Starting service [Tomcat]
2023-04-23 21:14:30,976 INFO org.apache.juli.logging.DirectJDKLog [restartedMain] Starting Servlet engine: [Apache Tomcat/9.0.41]
2023-04-23 21:14:31,046 INFO org.apache.juli.logging.DirectJDKLog [restartedMain] Initializing Spring embedded WebApplicationContext
2023-04-23 21:14:31,047 INFO org.springframework.boot.web.servlet.context.ServletWebServerApplicationContext [restartedMain] Root WebApplicationContext: initialization completed in 1853 ms
2023-04-23 21:14:31,462 INFO org.hibernate.jpa.internal.util.LogHelper [restartedMain] HHH000204: Processing PersistenceUnitInfo [name: default]
2023-04-23 21:14:31,508 INFO org.hibernate.Version [restartedMain] HHH000412: Hibernate ORM core version 5.4.27.Final
2023-04-23 21:14:31,639 INFO org.hibernate.annotations.common.reflection.java.JavaReflectionManager [restartedMain] HCANN000001: Hibernate Commons Annotations {5.1.2.Final}
2023-04-23 21:14:31,758 INFO com.zaxxer.hikari.HikariDataSource [restartedMain] HikariPool-1 - Starting...
2023-04-23 21:14:31,943 INFO com.zaxxer.hikari.HikariDataSource [restartedMain] HikariPool-1 - Start completed.
2023-04-23 21:14:31,958 INFO org.hibernate.dialect.Dialect [restartedMain] HHH000400: Using dialect: org.hibernate.dialect.MySQL5InnoDBDialect
2023-04-23 21:14:33,341 INFO org.hibernate.engine.transaction.jta.platform.internal.JtaPlatformInitiator [restartedMain] HHH000490: Using JtaPlatform implementation: [org.hibernate.engine.transaction.jta.platform.internal.NoJtaPlatform]
2023-04-23 21:14:33,348 INFO org.springframework.orm.jpa.AbstractEntityManagerFactoryBean [restartedMain] Initialized JPA EntityManagerFactory for persistence unit 'default'
2023-04-23 21:14:33,719 INFO org.springframework.boot.devtools.autoconfigure.OptionalLiveReloadServer [restartedMain] LiveReload server is running on port 35729
2023-04-23 21:14:34,171 INFO org.springframework.security.web.DefaultSecurityFilterChain [restartedMain] Will secure Ant [pattern='/v3/api-docs/**'] with []
2023-04-23 21:14:34,171 INFO org.springframework.security.web.DefaultSecurityFilterChain [restartedMain] Will secure Ant [pattern='/swagger-ui/**'] with []
2023-04-23 21:14:34,171 INFO org.springframework.security.web.DefaultSecurityFilterChain [restartedMain] Will secure Ant [pattern='/swagger-ui/index.html'] with []
2023-04-23 21:14:34,999 INFO org.springframework.boot.actuate.endpoint.web.EndpointLinksResolver [restartedMain] Exposing 2 endpoint(s) beneath base path '/actuator'
2023-04-23 21:14:35,018 INFO org.springframework.security.web.DefaultSecurityFilterChain [restartedMain] Will secure any request with [org.springframework.security.web.context.request.async.WebAsyncManagerIntegrationFilter@58c1c8b3, org.springframework.security.web.context.SecurityContextPersistenceFilter@c6e2d4, org.springframework.security.web.header.HeaderWriterFilter@5a86eb13, org.springframework.web.filter.CorsFilter@5b9071e8, org.springframework.security.web.authentication.logout.LogoutFilter@1d466570, backend.hobbiebackend.filter.JwtFilter@60c1b471, org.springframework.security.web.savedrequest.RequestCacheAwareFilter@2f656120, org.springframework.security.web.servletapi.SecurityContextHolderAwareRequestFilter@3cc85969, org.springframework.security.web.authentication.AnonymousAuthenticationFilter@6ffd9c79, org.springframework.security.web.session.SessionManagementFilter@36b2f23c, org.springframework.security.web.access.ExceptionTranslationFilter@1daa740f, org.springframework.security.web.access.intercept.FilterSecurityInterceptor@52b61067]
2023-04-23 21:14:35,066 INFO org.springframework.scheduling.concurrent.ExecutorConfigurationSupport [restartedMain] Initializing ExecutorService 'applicationTaskExecutor'
2023-04-23 21:14:35,323 INFO org.apache.juli.logging.DirectJDKLog [restartedMain] Starting ProtocolHandler ["http-nio-8080"]
2023-04-23 21:14:35,361 INFO org.springframework.boot.web.embedded.tomcat.TomcatWebServer [restartedMain] Tomcat started on port(s): 8080 (http) with context path ''
2023-04-23 21:14:35,374 INFO org.springframework.boot.StartupInfoLogger [restartedMain] Started HobbieBackendApplication in 11.88 seconds (JVM running for 12.8)
2023-04-23 21:14:44,732 INFO org.apache.juli.logging.DirectJDKLog [http-nio-8080-exec-2] Initializing Spring DispatcherServlet 'dispatcherServlet'
2023-04-23 21:14:44,732 INFO org.springframework.web.servlet.FrameworkServlet [http-nio-8080-exec-2] Initializing Servlet 'dispatcherServlet'
2023-04-23 21:14:44,734 INFO org.springframework.web.servlet.FrameworkServlet [http-nio-8080-exec-2] Completed initialization in 2 ms
2023-04-23 21:14:58,299 WARN org.springframework.web.servlet.handler.AbstractHandlerExceptionResolver [http-nio-8080-exec-3] Resolved [backend.hobbiebackend.handler.NotFoundException: Can not find user with this username]
2023-04-23 21:16:20,579 INFO org.springframework.scheduling.concurrent.ExecutorConfigurationSupport [SpringContextShutdownHook] Shutting down ExecutorService 'applicationTaskExecutor'
2023-04-23 21:16:20,586 INFO org.springframework.orm.jpa.AbstractEntityManagerFactoryBean [SpringContextShutdownHook] Closing JPA EntityManagerFactory for persistence unit 'default'
2023-04-23 21:16:20,590 INFO com.zaxxer.hikari.HikariDataSource [SpringContextShutdownHook] HikariPool-1 - Shutdown initiated...
2023-04-23 21:16:20,599 INFO com.zaxxer.hikari.HikariDataSource [SpringContextShutdownHook] HikariPool-1 - Shutdown completed.
2023-04-23 21:16:30,686 INFO org.hibernate.validator.internal.util.Version [background-preinit] HV000001: Hibernate Validator 6.0.2.Final
2023-04-23 21:16:30,702 INFO org.springframework.boot.StartupInfoLogger [restartedMain] Starting HobbieBackendApplication using Java 11.0.19 on MacBook-Pro.local with PID 47698 (/Users/admin/cibt/ReactJS-Spring-Boot-Full-Stack-App/spring-backend/target/classes started by admin in /Users/admin/cibt/ReactJS-Spring-Boot-Full-Stack-App/spring-backend)
2023-04-23 21:16:30,704 DEBUG org.springframework.boot.StartupInfoLogger [restartedMain] Running with Spring Boot v2.4.2, Spring v5.3.3
2023-04-23 21:16:30,704 INFO org.springframework.boot.SpringApplication [restartedMain] No active profile set, falling back to default profiles: default
2023-04-23 21:16:30,763 INFO org.springframework.boot.logging.DeferredLog [restartedMain] Devtools property defaults active! Set 'spring.devtools.add-properties' to 'false' to disable
2023-04-23 21:16:30,763 INFO org.springframework.boot.logging.DeferredLog [restartedMain] For additional web related logging consider setting the 'logging.level.web' property to 'DEBUG'
2023-04-23 21:16:31,792 INFO org.springframework.data.repository.config.RepositoryConfigurationDelegate [restartedMain] Bootstrapping Spring Data JPA repositories in DEFAULT mode.
2023-04-23 21:16:31,874 INFO org.springframework.data.repository.config.RepositoryConfigurationDelegate [restartedMain] Finished Spring Data repository scanning in 72 ms. Found 8 JPA repository interfaces.
2023-04-23 21:16:32,516 INFO org.springframework.boot.web.embedded.tomcat.TomcatWebServer [restartedMain] Tomcat initialized with port(s): 8080 (http)
2023-04-23 21:16:32,525 INFO org.apache.juli.logging.DirectJDKLog [restartedMain] Initializing ProtocolHandler ["http-nio-8080"]
2023-04-23 21:16:32,525 INFO org.apache.juli.logging.DirectJDKLog [restartedMain] Starting service [Tomcat]
2023-04-23 21:16:32,526 INFO org.apache.juli.logging.DirectJDKLog [restartedMain] Starting Servlet engine: [Apache Tomcat/9.0.41]
2023-04-23 21:16:32,594 INFO org.apache.juli.logging.DirectJDKLog [restartedMain] Initializing Spring embedded WebApplicationContext
2023-04-23 21:16:32,594 INFO org.springframework.boot.web.servlet.context.ServletWebServerApplicationContext [restartedMain] Root WebApplicationContext: initialization completed in 1830 ms
2023-04-23 21:16:32,922 INFO org.hibernate.jpa.internal.util.LogHelper [restartedMain] HHH000204: Processing PersistenceUnitInfo [name: default]
2023-04-23 21:16:32,973 INFO org.hibernate.Version [restartedMain] HHH000412: Hibernate ORM core version 5.4.27.Final
2023-04-23 21:16:33,098 INFO org.hibernate.annotations.common.reflection.java.JavaReflectionManager [restartedMain] HCANN000001: Hibernate Commons Annotations {5.1.2.Final}
2023-04-23 21:16:33,233 INFO com.zaxxer.hikari.HikariDataSource [restartedMain] HikariPool-1 - Starting...
2023-04-23 21:16:33,418 INFO com.zaxxer.hikari.HikariDataSource [restartedMain] HikariPool-1 - Start completed.
2023-04-23 21:16:33,432 INFO org.hibernate.dialect.Dialect [restartedMain] HHH000400: Using dialect: org.hibernate.dialect.MySQL5InnoDBDialect
2023-04-23 21:16:34,742 INFO org.hibernate.engine.transaction.jta.platform.internal.JtaPlatformInitiator [restartedMain] HHH000490: Using JtaPlatform implementation: [org.hibernate.engine.transaction.jta.platform.internal.NoJtaPlatform]
2023-04-23 21:16:34,749 INFO org.springframework.orm.jpa.AbstractEntityManagerFactoryBean [restartedMain] Initialized JPA EntityManagerFactory for persistence unit 'default'
2023-04-23 21:16:35,062 DEBUG org.springframework.web.filter.GenericFilterBean [restartedMain] Filter 'jwtFilter' configured for use
2023-04-23 21:16:35,078 INFO org.springframework.boot.devtools.autoconfigure.OptionalLiveReloadServer [restartedMain] LiveReload server is running on port 35729
2023-04-23 21:16:35,526 INFO org.springframework.security.web.DefaultSecurityFilterChain [restartedMain] Will secure Ant [pattern='/v3/api-docs/**'] with []
2023-04-23 21:16:35,527 INFO org.springframework.security.web.DefaultSecurityFilterChain [restartedMain] Will secure Ant [pattern='/swagger-ui/**'] with []
2023-04-23 21:16:35,527 INFO org.springframework.security.web.DefaultSecurityFilterChain [restartedMain] Will secure Ant [pattern='/swagger-ui/index.html'] with []
2023-04-23 21:16:36,264 INFO org.springframework.boot.actuate.endpoint.web.EndpointLinksResolver [restartedMain] Exposing 2 endpoint(s) beneath base path '/actuator'
2023-04-23 21:16:36,282 INFO org.springframework.security.web.DefaultSecurityFilterChain [restartedMain] Will secure any request with [org.springframework.security.web.context.request.async.WebAsyncManagerIntegrationFilter@8330a62, org.springframework.security.web.context.SecurityContextPersistenceFilter@70009700, org.springframework.security.web.header.HeaderWriterFilter@75f4b5b2, org.springframework.web.filter.CorsFilter@12174e72, org.springframework.security.web.authentication.logout.LogoutFilter@715f98d2, backend.hobbiebackend.filter.JwtFilter@220fca19, org.springframework.security.web.savedrequest.RequestCacheAwareFilter@22ed74e8, org.springframework.security.web.servletapi.SecurityContextHolderAwareRequestFilter@568e7fa6, org.springframework.security.web.authentication.AnonymousAuthenticationFilter@4b625116, org.springframework.security.web.session.SessionManagementFilter@775e8f66, org.springframework.security.web.access.ExceptionTranslationFilter@11d3cbca, org.springframework.security.web.access.intercept.FilterSecurityInterceptor@308a384f]
2023-04-23 21:16:36,328 INFO org.springframework.scheduling.concurrent.ExecutorConfigurationSupport [restartedMain] Initializing ExecutorService 'applicationTaskExecutor'
2023-04-23 21:16:36,534 INFO org.apache.juli.logging.DirectJDKLog [restartedMain] Starting ProtocolHandler ["http-nio-8080"]
2023-04-23 21:16:36,585 INFO org.springframework.boot.web.embedded.tomcat.TomcatWebServer [restartedMain] Tomcat started on port(s): 8080 (http) with context path ''
2023-04-23 21:16:36,610 INFO org.springframework.boot.StartupInfoLogger [restartedMain] Started HobbieBackendApplication in 11.416 seconds (JVM running for 12.175)
2023-04-23 21:16:44,910 INFO org.apache.juli.logging.DirectJDKLog [http-nio-8080-exec-2] Initializing Spring DispatcherServlet 'dispatcherServlet'
2023-04-23 21:16:44,910 INFO org.springframework.web.servlet.FrameworkServlet [http-nio-8080-exec-2] Initializing Servlet 'dispatcherServlet'
2023-04-23 21:16:44,913 INFO org.springframework.web.servlet.FrameworkServlet [http-nio-8080-exec-2] Completed initialization in 3 ms
2023-04-23 21:16:45,085 WARN org.springframework.web.servlet.handler.AbstractHandlerExceptionResolver [http-nio-8080-exec-2] Resolved [backend.hobbiebackend.handler.NotFoundException: Can not find user with this username]
2023-04-23 21:16:58,046 WARN org.springframework.web.servlet.handler.AbstractHandlerExceptionResolver [http-nio-8080-exec-4] Resolved [backend.hobbiebackend.handler.NotFoundException: Can not find user with this username]
2023-04-23 21:18:23,495 INFO org.springframework.scheduling.concurrent.ExecutorConfigurationSupport [SpringContextShutdownHook] Shutting down ExecutorService 'applicationTaskExecutor'
2023-04-23 21:18:23,501 INFO org.springframework.orm.jpa.AbstractEntityManagerFactoryBean [SpringContextShutdownHook] Closing JPA EntityManagerFactory for persistence unit 'default'
2023-04-23 21:18:23,504 INFO com.zaxxer.hikari.HikariDataSource [SpringContextShutdownHook] HikariPool-1 - Shutdown initiated...
2023-04-23 21:18:23,513 INFO com.zaxxer.hikari.HikariDataSource [SpringContextShutdownHook] HikariPool-1 - Shutdown completed.
